info it worked if it ends with ok
verbose cli [ 'node',
verbose cli   '/root/local/node/bin/npm',
verbose cli   'install',
verbose cli   'uglify-js' ]
info using npm@1.0.15
info using node@v0.4.10-pre
verbose config file /root/.npmrc
verbose config file /root/local/node/etc/npmrc
silly testEngine { name: 'jade',
silly testEngine   description: 'Jade template engine',
silly testEngine   version: '0.13.0',
silly testEngine   author: 
silly testEngine    { name: 'TJ Holowaychuk',
silly testEngine      email: 'tj@vision-media.ca' },
silly testEngine   repository: 
silly testEngine    { type: 'git',
silly testEngine      url: 'git://github.com/visionmedia/jade.git' },
silly testEngine   main: './index.js',
silly testEngine   bin: { jade: './bin/jade' },
silly testEngine   devDependencies: 
silly testEngine    { expresso: '0.6.4',
silly testEngine      'coffee-script': '>= 0.0.1',
silly testEngine      sass: '>= 0.0.1',
silly testEngine      less: '>= 0.0.1',
silly testEngine      markdown: '>= 0.0.1',
silly testEngine      stylus: '>= 0.0.1' },
silly testEngine   scripts: { prepublish: 'npm prune' },
silly testEngine   engines: { node: '>= 0.1.98' },
silly testEngine   _npmJsonOpts: 
silly testEngine    { file: '/var/www/kiwi/KiwiIRC/node/node_modules/jade/package.json',
silly testEngine      wscript: false,
silly testEngine      contributors: false,
silly testEngine      serverjs: false },
silly testEngine   _id: 'jade@0.13.0',
silly testEngine   dependencies: {},
silly testEngine   _engineSupported: true,
silly testEngine   _npmVersion: '1.0.15',
silly testEngine   _nodeVersion: 'v0.4.10-pre',
silly testEngine   _defaultsLoaded: true }
verbose caching /var/www/kiwi/KiwiIRC/node/node_modules/jade/package.json
verbose loadDefaults jade@0.13.0
silly testEngine { name: 'node-static',
silly testEngine   description: 'simple, compliant file streaming module for node',
silly testEngine   url: 'http://github.com/cloudhead/node-static',
silly testEngine   keywords: [ 'http', 'static', 'file', 'server' ],
silly testEngine   author: 
silly testEngine    { name: 'Alexis Sellier',
silly testEngine      email: 'self@cloudhead.net' },
silly testEngine   contributors: [],
silly testEngine   licenses: [ 'MIT' ],
silly testEngine   dependencies: {},
silly testEngine   lib: 'lib',
silly testEngine   main: './lib/node-static',
silly testEngine   version: '0.5.6',
silly testEngine   directories: { test: './test' },
silly testEngine   engines: { node: '>= 0.4.1' },
silly testEngine   _npmJsonOpts: 
silly testEngine    { file: '/var/www/kiwi/KiwiIRC/node/node_modules/node-static/package.json',
silly testEngine      wscript: false,
silly testEngine      contributors: false,
silly testEngine      serverjs: false },
silly testEngine   _id: 'node-static@0.5.6',
silly testEngine   devDependencies: {},
silly testEngine   _engineSupported: true,
silly testEngine   _npmVersion: '1.0.15',
silly testEngine   _nodeVersion: 'v0.4.10-pre',
silly testEngine   _defaultsLoaded: true }
verbose caching /var/www/kiwi/KiwiIRC/node/node_modules/node-static/package.json
verbose loadDefaults node-static@0.5.6
silly testEngine { name: 'socket.io',
silly testEngine   version: '0.7.7',
silly testEngine   description: 'Real-time apps made cross-browser & easy with a WebSocket-like API',
silly testEngine   homepage: 'http://socket.io',
silly testEngine   keywords: 
silly testEngine    [ 'websocket',
silly testEngine      'socket',
silly testEngine      'realtime',
silly testEngine      'socket.io',
silly testEngine      'comet',
silly testEngine      'ajax' ],
silly testEngine   author: 
silly testEngine    { name: 'Guillermo Rauch',
silly testEngine      email: 'guillermo@learnboost.com' },
silly testEngine   contributors: 
silly testEngine    [ { name: 'Guillermo Rauch', email: 'rauchg@gmail.com' },
silly testEngine      { name: 'Arnout Kazemier',
silly testEngine        email: 'info@3rd-eden.com' },
silly testEngine      { name: 'Vladimir Dronnikov',
silly testEngine        email: 'dronnikov@gmail.com' } ],
silly testEngine   repository: 
silly testEngine    { type: 'git',
silly testEngine      url: 'git://github.com/LearnBoost/Socket.IO-node.git' },
silly testEngine   dependencies: 
silly testEngine    { 'socket.io-client': '0.7.4',
silly testEngine      policyfile: '0.0.3',
silly testEngine      redis: '0.6.0' },
silly testEngine   devDependencies: { expresso: '0.7.7', should: '0.0.4' },
silly testEngine   main: 'index',
silly testEngine   engines: { node: '>= 0.4.0' },
silly testEngine   _npmJsonOpts: 
silly testEngine    { file: '/var/www/kiwi/KiwiIRC/node/node_modules/socket.io/package.json',
silly testEngine      wscript: false,
silly testEngine      contributors: false,
silly testEngine      serverjs: false },
silly testEngine   _id: 'socket.io@0.7.7',
silly testEngine   _engineSupported: true,
silly testEngine   _npmVersion: '1.0.15',
silly testEngine   _nodeVersion: 'v0.4.10-pre',
silly testEngine   _defaultsLoaded: true }
verbose caching /var/www/kiwi/KiwiIRC/node/node_modules/socket.io/package.json
verbose loadDefaults socket.io@0.7.7
silly testEngine { name: 'socket.io-client',
silly testEngine   description: 'Socket.IO client for the browser and node.js',
silly testEngine   version: '0.7.4',
silly testEngine   main: './lib/io.js',
silly testEngine   browserify: './dist/socket.io.js',
silly testEngine   homepage: 'http://socket.io',
silly testEngine   keywords: 
silly testEngine    [ 'websocket',
silly testEngine      'socket',
silly testEngine      'realtime',
silly testEngine      'socket.io',
silly testEngine      'comet',
silly testEngine      'ajax' ],
silly testEngine   author: 
silly testEngine    { name: 'Guillermo Rauch',
silly testEngine      email: 'guillermo@learnboost.com' },
silly testEngine   contributors: 
silly testEngine    [ { name: 'Guillermo Rauch', email: 'rauchg@gmail.com' },
silly testEngine      { name: 'Arnout Kazemier',
silly testEngine        email: 'info@3rd-eden.com' },
silly testEngine      { name: 'Vladimir Dronnikov',
silly testEngine        email: 'dronnikov@gmail.com' } ],
silly testEngine   repository: 
silly testEngine    { type: 'git',
silly testEngine      url: 'git://github.com/LearnBoost/Socket.IO.git' },
silly testEngine   dependencies: { 'uglify-js': '1.0.3' },
silly testEngine   devDependencies: 
silly testEngine    { expresso: '0.7.7',
silly testEngine      express: '2.3.11',
silly testEngine      jade: '0.12.1',
silly testEngine      stylus: '0.13.3',
silly testEngine      'socket.io': '0.7.7',
silly testEngine      'socket.io-client': '0.7.4' },
silly testEngine   engines: { node: '>= 0.4.0' },
silly testEngine   _npmJsonOpts: 
silly testEngine    { file: '/var/www/kiwi/KiwiIRC/node/node_modules/socket.io-client/package.json',
silly testEngine      wscript: false,
silly testEngine      contributors: false,
silly testEngine      serverjs: false },
silly testEngine   _id: 'socket.io-client@0.7.4',
silly testEngine   _engineSupported: true,
silly testEngine   _npmVersion: '1.0.15',
silly testEngine   _nodeVersion: 'v0.4.10-pre',
silly testEngine   _defaultsLoaded: true }
verbose caching /var/www/kiwi/KiwiIRC/node/node_modules/socket.io-client/package.json
verbose loadDefaults socket.io-client@0.7.4
verbose into /var/www/kiwi/KiwiIRC/node [ 'uglify-js' ]
verbose cache add [ 'uglify-js', null ]
info addNamed [ 'uglify-js', '' ]
verbose addNamed [ null, '' ]
verbose GET uglify-js
verbose raw, before any munging uglify-js
verbose url resolving [ 'http://registry.npmjs.org/', './uglify-js' ]
verbose url resolved http://registry.npmjs.org/uglify-js
verbose url parsed { protocol: 'http:',
verbose url parsed   slashes: true,
verbose url parsed   host: 'registry.npmjs.org',
verbose url parsed   hostname: 'registry.npmjs.org',
verbose url parsed   href: 'http://registry.npmjs.org/uglify-js',
verbose url parsed   pathname: '/uglify-js' }
verbose response http://registry.npmjs.org/uglify-js
silly chunk {"_id":"uglify-js","_rev":"26-8064181b8cb5259cdda963e8c227c8d7","name":"uglify-js","dist-tags":{"latest":"1.0.6"},"versions":{"0.0.1":{"name":"uglify-js","author":{"name":"Mihai Bazon - http://github.com/mishoo"},"version":"0.0.1","main":"index","bin":{"uglifyjs":"./bin/uglifyjs"},"_id":"uglify-js@0.0.1","engines":{"node":"*"},"_nodeSupported":true,"_npmVersion":"0.2.7-2","_nodeVersion":"v0.2.4","dist":{"tarball":"http://registry.npmjs.org/uglify-js/-/uglify-js-0.0.1.tgz"},"directories":{}},"0.0.2":{"name":"uglify-js","author":{"name":"Mihai Bazon - http://github.com/mishoo"},"version":"0.0.2","main":"index","bin":{"uglifyjs":"./bin/uglifyjs"},"_id":"uglify-js@0.0.2","engines":{"node":"*"},"_nodeSupported":true,"_npmVersion":"0.2.12-1","_nodeVersion":"v0.3.5-pre","dist":{"shasum":"baaf5c2223440d31f008bd248aaa728e8c771a8a","tarball":"http://registry.npmjs.org/uglify-js/-/uglify-js-0.0.2.tgz"},"directories":{}},"0.0.3":{"name":"uglify-js","author":{"name":"Mihai Bazon - http://github.com/mishoo"},"version":"0.0.3","main":"index","bin":{"uglifyjs":"./bin/uglifyjs"},"_id":"uglify-js@0.0.3","engines":{"node":"*"},"_nodeSupported":true,"_npmVersion":"0.2.12-1","_nodeVersion":"v0.3.5-pre","dist":{"shasum":"04e48708cb7175fba8b23aba7596e39c849ccfab","tarball":"http://registry.npmjs.org/uglify-js/-/uglify-js-0.0.3.tgz"},"directories":{}},"0.0.4":{"name":"uglify-js",
silly chunk "author":{"name":"Mihai Bazon - http://github.com/mishoo"},"version":"0.0.4","main":"index","bin":{"uglifyjs":"./bin/uglifyjs"},"_id":"uglify-js@0.0.4","engines":{"node":"*"},"_engineSupported":true,"_npmVersion":"0.2.17","_nodeVersion":"v0.3.8-pre","directories":{"lib":"./lib","bin":"./bin"},"files":[""],"_defaultsLoaded":true,"dist":{"shasum":"48b2d19b65c284a82c4d6ccab6ed141b8e313a72","tarball":"http://registry.npmjs.org/uglify-js/-/uglify-js-0.0.4.tgz"}},"0.0.5":{"name":"uglify-js","author":{"name":"Mihai Bazon - http://github.com/mishoo"},"version":"0.0.5","main":"index.js","bin":{"uglifyjs":"./bin/uglifyjs"},"_id":"uglify-js@0.0.5","engines":{"node":"*"},"_engineSupported":true,"_npmVersion":"0.3.3","_nodeVersion":"v0.4.1","directories":{"lib":"./lib","bin":"./bin"},"files":[""],"_defaultsLoaded":true,"dist":{"shasum":"c40d18e51784a230477bb0354fa415ec361dba5e","tarball":"http://registry.npmjs.org/uglify-js/-/uglify-js-0.0.5.tgz"}},"1.0.1":{"name":"uglify-js","author":{"name":"Mihai Bazon","email":"mihai.bazon@gmail.com","url":"http://mihai.bazon.net/blog"},"version":"1.0.1","main":"./uglify-js.js","bin":{"uglifyjs":"./bin/uglifyjs"},"repository":{"type":"git","url":"git@github.com:mishoo/UglifyJS.git"},"dependencies":{},"devDependencies":{},"_id":"uglify-js@1.0.1","engines":{"node":"*"},"_engineSupported":true,"_npmVersion":"1.0.1rc5","_nodeVersion":"
silly chunk v0.5.0-pre","_defaultsLoaded":true,"dist":{"shasum":"b34b3220e7d634401f388c8bd69e9663cec6ca94","tarball":"http://registry.npmjs.org/uglify-js/-/uglify-js-1.0.1.tgz"},"directories":{}},"1.0.2":{"name":"uglify-js","author":{"name":"Mihai Bazon","email":"mihai.bazon@gmail.com","url":"http://mihai.bazon.net/blog"},"version":"1.0.2","main":"./uglify-js.js","bin":{"uglifyjs":"./bin/uglifyjs"},"repository":{"type":"git","url":"git@github.com:mishoo/UglifyJS.git"},"dependencies":{},"devDependencies":{},"_id":"uglify-js@1.0.2","engines":{"node":"*"},"_engineSupported":true,"_npmVersion":"1.0.1rc5","_nodeVersion":"v0.5.0-pre","_defaultsLoaded":true,"dist":{"shasum":"28494cc77c26042d4065d73736391d78417d680a","tarball":"http://registry.npmjs.org/uglify-js/-/uglify-js-1.0.2.tgz"},"directories":{}},"1.0.3":{"name":"uglify-js","author":{"name":"Mihai Bazon","email":"mihai.bazon@gmail.com","url":"http://mihai.bazon.net/blog"},"version":"1.0.3","main":"./uglify-js.js","bin":{"uglifyjs":"./bin/uglifyjs"},"repository":{"type":"git","url":"git@github.com:mishoo/UglifyJS.git"},"dependencies":{},"devDependencies":{},"_id":"uglify-js@1.0.3","engines":{"node":"*"},"_engineSupported":true,"_npmVersion":"1.0.1rc5","_nodeVersion":"v0.5.0-pre","_defaultsLoaded":true,"dist":{"shasum":"73c4f09bcec47ec5e8669cb37c11b95b7014f945","tarball":"http://registry.npmjs.org/uglify-js/-/uglify-js-
silly chunk 1.0.3.tgz"},"directories":{}},"1.0.4":{"name":"uglify-js","author":{"name":"Mihai Bazon","email":"mihai.bazon@gmail.com","url":"http://mihai.bazon.net/blog"},"version":"1.0.4","main":"./uglify-js.js","bin":{"uglifyjs":"./bin/uglifyjs"},"repository":{"type":"git","url":"git@github.com:mishoo/UglifyJS.git"},"dependencies":{},"devDependencies":{},"_id":"uglify-js@1.0.4","engines":{"node":"*"},"_engineSupported":true,"_npmVersion":"1.0.1rc5","_nodeVersion":"v0.5.0-pre","_defaultsLoaded":true,"dist":{"shasum":"7512dbbfca85e749683800c65407e55491700778","tarball":"http://registry.npmjs.org/uglify-js/-/uglify-js-1.0.4.tgz"},"directories":{}},"1.0.5":{"name":"uglify-js","author":{"name":"Mihai Bazon","email":"mihai.bazon@gmail.com","url":"http://mihai.bazon.net/blog"},"version":"1.0.5","main":"./uglify-js.js","bin":{"uglifyjs":"./bin/uglifyjs"},"repository":{"type":"git","url":"git@github.com:mishoo/UglifyJS.git"},"dependencies":{},"devDependencies":{},"_id":"uglify-js@1.0.5","engines":{"node":"*"},"_engineSupported":true,"_npmVersion":"1.0.1rc5","_nodeVersion":"v0.5.0-pre","_defaultsLoaded":true,"dist":{"shasum":"25679bdcff52f9500774a644cef3129b8ddb5cf2","tarball":"http://registry.npmjs.org/uglify-js/-/uglify-js-1.0.5.tgz"},"directories":{}},"1.0.6":{"name":"uglify-js","author":{"name":"Mihai Bazon","email":"mihai.bazon@gmail.com","url":"http://mihai.bazon.net/blo
silly chunk g"},"version":"1.0.6","main":"./uglify-js.js","bin":{"uglifyjs":"./bin/uglifyjs"},"repository":{"type":"git","url":"git@github.com:mishoo/UglifyJS.git"},"dependencies":{},"devDependencies":{},"_id":"uglify-js@1.0.6","engines":{"node":"*"},"_engineSupported":true,"_npmVersion":"1.0.1rc5","_nodeVersion":"v0.5.0-pre","_defaultsLoaded":true,"dist":{"shasum":"f0d3aafd463f26a437b9ebc19f4947ab7e8078aa","tarball":"http://registry.npmjs.org/uglify-js/-/uglify-js-1.0.6.tgz"},"directories":{}}},"maintainers":[{"name":"caires","email":"cairesvs@gmail.com"},{"name":"mape","email":"mape@mape.me"},{"name":"mishoo","email":"mihai.bazon@gmail.com"}],"author":{"name":"Mihai Bazon","email":"mihai.bazon@gmail.com","url":"http://mihai.bazon.net/blog"},"time":{"0.0.1":"2011-01-05T17:56:48.593Z","0.0.2":"2011-01-09T13:47:55.729Z","0.0.3":"2011-01-25T05:53:18.848Z","0.0.4":"2011-02-05T13:28:37.926Z","0.0.5":"2011-02-20T16:37:04.786Z","1.0.1":"2011-04-03T22:03:32.396Z","1.0.2":"2011-05-19T16:13:13.281Z","1.0.3":"2011-06-27T16:52:42.404Z","1.0.4":"2011-07-01T10:26:41.824Z","1.0.5":"2011-07-14T09:54:00.537Z","1.0.6":"2011-07-14T20:36:30.484Z"},"repository":{"type":"git","url":"git@github.com:mishoo/UglifyJS.git"}}
silly get cb [ 200,
silly get cb   { vary: 'Accept',
silly get cb     server: 'CouchDB/1.1.0 (Erlang OTP/R14B03)',
silly get cb     etag: '"2CZS2DKWM45Z3WMB02DQSV95J"',
silly get cb     date: 'Sat, 23 Jul 2011 12:25:08 GMT',
silly get cb     'content-type': 'application/json',
silly get cb     'content-length': '6718' } ]
verbose GET uglify-js/1.0.6
verbose raw, before any munging uglify-js/1.0.6
verbose url resolving [ 'http://registry.npmjs.org/', './uglify-js/1.0.6' ]
verbose url resolved http://registry.npmjs.org/uglify-js/1.0.6
verbose url parsed { protocol: 'http:',
verbose url parsed   slashes: true,
verbose url parsed   host: 'registry.npmjs.org',
verbose url parsed   hostname: 'registry.npmjs.org',
verbose url parsed   href: 'http://registry.npmjs.org/uglify-js/1.0.6',
verbose url parsed   pathname: '/uglify-js/1.0.6' }
verbose response http://registry.npmjs.org/uglify-js/1.0.6
silly chunk {"name":"uglify-js","author":{"name":"Mihai Bazon","email":"mihai.bazon@gmail.com","url":"http://mihai.bazon.net/blog"},"version":"1.0.6","main":"./uglify-js.js","bin":{"uglifyjs":"./bin/uglifyjs"},"repository":{"type":"git","url":"git@github.com:mishoo/UglifyJS.git"},"dependencies":{},"devDependencies":{},"_id":"uglify-js@1.0.6","engines":{"node":"*"},"_engineSupported":true,"_npmVersion":"1.0.1rc5","_nodeVersion":"v0.5.0-pre","_defaultsLoaded":true,"dist":{"shasum":"f0d3aafd463f26a437b9ebc19f4947ab7e8078aa","tarball":"http://registry.npmjs.org/uglify-js/-/uglify-js-1.0.6.tgz"},"directories":{}}
silly get cb [ 200,
silly get cb   { vary: 'Accept',
silly get cb     server: 'CouchDB/1.1.0 (Erlang OTP/R14B03)',
silly get cb     etag: '"2CZS2DKWM45Z3WMB02DQSV95J"',
silly get cb     date: 'Sat, 23 Jul 2011 12:25:09 GMT',
silly get cb     'content-type': 'application/json',
silly get cb     'content-length': '603' } ]
verbose mkdir done: /root/.npm/uglify-js/1.0.6 755
verbose bin dist [ '0.4-ares1.7.4-ev4.4-openssl0.9.8o-v83.1.8.25-linux-2.6.35-30-generic',
verbose bin dist   { shasum: 'f0d3aafd463f26a437b9ebc19f4947ab7e8078aa',
verbose bin dist     tarball: 'http://registry.npmjs.org/uglify-js/-/uglify-js-1.0.6.tgz' } ]
verbose addRemoteTarball [ 'http://registry.npmjs.org/uglify-js/-/uglify-js-1.0.6.tgz',
verbose addRemoteTarball   'f0d3aafd463f26a437b9ebc19f4947ab7e8078aa' ]
verbose mkdir done: /tmp/npm-1311423850738/1311423850738-0.8425169289112091 755
info fetch http://registry.npmjs.org/uglify-js/-/uglify-js-1.0.6.tgz
verbose fetch to /tmp/npm-1311423850738/1311423850738-0.8425169289112091/tmp.tgz
silly updated sha bytes 40960
silly updated sha bytes 12084
info shasum f0d3aafd463f26a437b9ebc19f4947ab7e8078aa
info shasum /tmp/npm-1311423850738/1311423850738-0.8425169289112091/tmp.tgz
verbose mkdir done: /tmp/npm-1311423850738/1311423850738-0.8425169289112091/contents/___package.npm 755
verbose unpack_ uid, gid [ 1000, 1000 ]
verbose unpackTarget /tmp/npm-1311423850738/1311423850738-0.8425169289112091/contents/package
silly gunzTarPerm modes [ '755', '644' ]
verbose success gzip "--decompress" "--stdout" "/tmp/npm-1311423850738/1311423850738-0.8425169289112091/tmp.tgz"
verbose success tar "-mvxpf" "-" "--no-same-owner" "-C" "/tmp/npm-1311423850738/1311423850738-0.8425169289112091/contents/___package.npm"
silly asyncMap in gTP /tmp/npm-1311423850738/1311423850738-0.8425169289112091/contents/___package.npm/package/
silly asyncMap in gTP /tmp/npm-1311423850738/1311423850738-0.8425169289112091/contents/___package.npm/package/uglify-js.js
silly asyncMap in gTP /tmp/npm-1311423850738/1311423850738-0.8425169289112091/contents/___package.npm/package/docstyle.css
silly asyncMap in gTP /tmp/npm-1311423850738/1311423850738-0.8425169289112091/contents/___package.npm/package/package.json
silly asyncMap in gTP /tmp/npm-1311423850738/1311423850738-0.8425169289112091/contents/___package.npm/package/README.html
silly asyncMap in gTP /tmp/npm-1311423850738/1311423850738-0.8425169289112091/contents/___package.npm/package/README.org
silly asyncMap in gTP /tmp/npm-1311423850738/1311423850738-0.8425169289112091/contents/___package.npm/package/.gitignore
silly asyncMap in gTP /tmp/npm-1311423850738/1311423850738-0.8425169289112091/contents/___package.npm/package/bin/
silly asyncMap in gTP /tmp/npm-1311423850738/1311423850738-0.8425169289112091/contents/___package.npm/package/bin/uglifyjs
silly asyncMap in gTP /tmp/npm-1311423850738/1311423850738-0.8425169289112091/contents/___package.npm/package/tmp/
silly asyncMap in gTP /tmp/npm-1311423850738/1311423850738-0.8425169289112091/contents/___package.npm/package/tmp/instrument2.js
silly asyncMap in gTP /tmp/npm-1311423850738/1311423850738-0.8425169289112091/contents/___package.npm/package/tmp/instrument.js
silly asyncMap in gTP /tmp/npm-1311423850738/1311423850738-0.8425169289112091/contents/___package.npm/package/lib/
silly asyncMap in gTP /tmp/npm-1311423850738/1311423850738-0.8425169289112091/contents/___package.npm/package/lib/parse-js.js
silly asyncMap in gTP /tmp/npm-1311423850738/1311423850738-0.8425169289112091/contents/___package.npm/package/lib/squeeze-more.js
silly asyncMap in gTP /tmp/npm-1311423850738/1311423850738-0.8425169289112091/contents/___package.npm/package/lib/process.js
silly asyncMap in gTP /tmp/npm-1311423850738/1311423850738-0.8425169289112091/contents/___package.npm/package/test/
silly asyncMap in gTP /tmp/npm-1311423850738/1311423850738-0.8425169289112091/contents/___package.npm/package/test/testparser.js
silly asyncMap in gTP /tmp/npm-1311423850738/1311423850738-0.8425169289112091/contents/___package.npm/package/test/beautify.js
silly asyncMap in gTP /tmp/npm-1311423850738/1311423850738-0.8425169289112091/contents/___package.npm/package/test/unit/
silly asyncMap in gTP /tmp/npm-1311423850738/1311423850738-0.8425169289112091/contents/___package.npm/package/test/unit/scripts.js
silly asyncMap in gTP /tmp/npm-1311423850738/1311423850738-0.8425169289112091/contents/___package.npm/package/test/unit/compress/
silly asyncMap in gTP /tmp/npm-1311423850738/1311423850738-0.8425169289112091/contents/___package.npm/package/test/unit/compress/expected/
silly asyncMap in gTP /tmp/npm-1311423850738/1311423850738-0.8425169289112091/contents/___package.npm/package/test/unit/compress/expected/issue68.js
silly asyncMap in gTP /tmp/npm-1311423850738/1311423850738-0.8425169289112091/contents/___package.npm/package/test/unit/compress/expected/issue10.js
silly asyncMap in gTP /tmp/npm-1311423850738/1311423850738-0.8425169289112091/contents/___package.npm/package/test/unit/compress/expected/issue30.js
silly asyncMap in gTP /tmp/npm-1311423850738/1311423850738-0.8425169289112091/contents/___package.npm/package/test/unit/compress/expected/issue21.js
silly asyncMap in gTP /tmp/npm-1311423850738/1311423850738-0.8425169289112091/contents/___package.npm/package/test/unit/compress/expected/issue13.js
silly asyncMap in gTP /tmp/npm-1311423850738/1311423850738-0.8425169289112091/contents/___package.npm/package/test/unit/compress/expected/issue28.js
silly asyncMap in gTP /tmp/npm-1311423850738/1311423850738-0.8425169289112091/contents/___package.npm/package/test/unit/compress/expected/issue50.js
silly asyncMap in gTP /tmp/npm-1311423850738/1311423850738-0.8425169289112091/contents/___package.npm/package/test/unit/compress/expected/array3.js
silly asyncMap in gTP /tmp/npm-1311423850738/1311423850738-0.8425169289112091/contents/___package.npm/package/test/unit/compress/expected/concatstring.js
silly asyncMap in gTP /tmp/npm-1311423850738/1311423850738-0.8425169289112091/contents/___package.npm/package/test/unit/compress/expected/issue17.js
silly asyncMap in gTP /tmp/npm-1311423850738/1311423850738-0.8425169289112091/contents/___package.npm/package/test/unit/compress/expected/issue11.js
silly asyncMap in gTP /tmp/npm-1311423850738/1311423850738-0.8425169289112091/contents/___package.npm/package/test/unit/compress/expected/assignment.js
silly asyncMap in gTP /tmp/npm-1311423850738/1311423850738-0.8425169289112091/contents/___package.npm/package/test/unit/compress/expected/var.js
silly asyncMap in gTP /tmp/npm-1311423850738/1311423850738-0.8425169289112091/contents/___package.npm/package/test/unit/compress/expected/if.js
silly asyncMap in gTP /tmp/npm-1311423850738/1311423850738-0.8425169289112091/contents/___package.npm/package/test/unit/compress/expected/empty-blocks.js
silly asyncMap in gTP /tmp/npm-1311423850738/1311423850738-0.8425169289112091/contents/___package.npm/package/test/unit/compress/expected/issue16.js
silly asyncMap in gTP /tmp/npm-1311423850738/1311423850738-0.8425169289112091/contents/___package.npm/package/test/unit/compress/expected/issue53.js
silly asyncMap in gTP /tmp/npm-1311423850738/1311423850738-0.8425169289112091/contents/___package.npm/package/test/unit/compress/expected/with.js
silly asyncMap in gTP /tmp/npm-1311423850738/1311423850738-0.8425169289112091/contents/___package.npm/package/test/unit/compress/expected/ifreturn2.js
silly asyncMap in gTP /tmp/npm-1311423850738/1311423850738-0.8425169289112091/contents/___package.npm/package/test/unit/compress/expected/issue14.js
silly asyncMap in gTP /tmp/npm-1311423850738/1311423850738-0.8425169289112091/contents/___package.npm/package/test/unit/compress/expected/issue48.js
silly asyncMap in gTP /tmp/npm-1311423850738/1311423850738-0.8425169289112091/contents/___package.npm/package/test/unit/compress/expected/mangle.js
silly asyncMap in gTP /tmp/npm-1311423850738/1311423850738-0.8425169289112091/contents/___package.npm/package/test/unit/compress/expected/array1.js
silly asyncMap in gTP /tmp/npm-1311423850738/1311423850738-0.8425169289112091/contents/___package.npm/package/test/unit/compress/expected/issue20.js
silly asyncMap in gTP /tmp/npm-1311423850738/1311423850738-0.8425169289112091/contents/___package.npm/package/test/unit/compress/expected/array4.js
silly asyncMap in gTP /tmp/npm-1311423850738/1311423850738-0.8425169289112091/contents/___package.npm/package/test/unit/compress/expected/issue25.js
silly asyncMap in gTP /tmp/npm-1311423850738/1311423850738-0.8425169289112091/contents/___package.npm/package/test/unit/compress/expected/issue54.1.js
silly asyncMap in gTP /tmp/npm-1311423850738/1311423850738-0.8425169289112091/contents/___package.npm/package/test/unit/compress/expected/const.js
silly asyncMap in gTP /tmp/npm-1311423850738/1311423850738-0.8425169289112091/contents/___package.npm/package/test/unit/compress/expected/strict-equals.js
silly asyncMap in gTP /tmp/npm-1311423850738/1311423850738-0.8425169289112091/contents/___package.npm/package/test/unit/compress/expected/issue27.js
silly asyncMap in gTP /tmp/npm-1311423850738/1311423850738-0.8425169289112091/contents/___package.npm/package/test/unit/compress/expected/issue69.js
silly asyncMap in gTP /tmp/npm-1311423850738/1311423850738-0.8425169289112091/contents/___package.npm/package/test/unit/compress/expected/forstatement.js
silly asyncMap in gTP /tmp/npm-1311423850738/1311423850738-0.8425169289112091/contents/___package.npm/package/test/unit/compress/expected/issue29.js
silly asyncMap in gTP /tmp/npm-1311423850738/1311423850738-0.8425169289112091/contents/___package.npm/package/test/unit/compress/expected/array2.js
silly asyncMap in gTP /tmp/npm-1311423850738/1311423850738-0.8425169289112091/contents/___package.npm/package/test/unit/compress/expected/issue9.js
silly asyncMap in gTP /tmp/npm-1311423850738/1311423850738-0.8425169289112091/contents/___package.npm/package/test/unit/compress/expected/ifreturn.js
silly asyncMap in gTP /tmp/npm-1311423850738/1311423850738-0.8425169289112091/contents/___package.npm/package/test/unit/compress/expected/issue34.js
silly asyncMap in gTP /tmp/npm-1311423850738/1311423850738-0.8425169289112091/contents/___package.npm/package/test/unit/compress/expected/issue4.js
silly asyncMap in gTP /tmp/npm-1311423850738/1311423850738-0.8425169289112091/contents/___package.npm/package/test/unit/compress/test/
silly asyncMap in gTP /tmp/npm-1311423850738/1311423850738-0.8425169289112091/contents/___package.npm/package/test/unit/compress/test/issue68.js
silly asyncMap in gTP /tmp/npm-1311423850738/1311423850738-0.8425169289112091/contents/___package.npm/package/test/unit/compress/test/issue10.js
silly asyncMap in gTP /tmp/npm-1311423850738/1311423850738-0.8425169289112091/contents/___package.npm/package/test/unit/compress/test/issue30.js
silly asyncMap in gTP /tmp/npm-1311423850738/1311423850738-0.8425169289112091/contents/___package.npm/package/test/unit/compress/test/issue21.js
silly asyncMap in gTP /tmp/npm-1311423850738/1311423850738-0.8425169289112091/contents/___package.npm/package/test/unit/compress/test/issue13.js
silly asyncMap in gTP /tmp/npm-1311423850738/1311423850738-0.8425169289112091/contents/___package.npm/package/test/unit/compress/test/issue28.js
silly asyncMap in gTP /tmp/npm-1311423850738/1311423850738-0.8425169289112091/contents/___package.npm/package/test/unit/compress/test/issue50.js
silly asyncMap in gTP /tmp/npm-1311423850738/1311423850738-0.8425169289112091/contents/___package.npm/package/test/unit/compress/test/array3.js
silly asyncMap in gTP /tmp/npm-1311423850738/1311423850738-0.8425169289112091/contents/___package.npm/package/test/unit/compress/test/concatstring.js
silly asyncMap in gTP /tmp/npm-1311423850738/1311423850738-0.8425169289112091/contents/___package.npm/package/test/unit/compress/test/issue17.js
silly asyncMap in gTP /tmp/npm-1311423850738/1311423850738-0.8425169289112091/contents/___package.npm/package/test/unit/compress/test/issue11.js
silly asyncMap in gTP /tmp/npm-1311423850738/1311423850738-0.8425169289112091/contents/___package.npm/package/test/unit/compress/test/assignment.js
silly asyncMap in gTP /tmp/npm-1311423850738/1311423850738-0.8425169289112091/contents/___package.npm/package/test/unit/compress/test/var.js
silly asyncMap in gTP /tmp/npm-1311423850738/1311423850738-0.8425169289112091/contents/___package.npm/package/test/unit/compress/test/if.js
silly asyncMap in gTP /tmp/npm-1311423850738/1311423850738-0.8425169289112091/contents/___package.npm/package/test/unit/compress/test/empty-blocks.js
silly asyncMap in gTP /tmp/npm-1311423850738/1311423850738-0.8425169289112091/contents/___package.npm/package/test/unit/compress/test/issue16.js
silly asyncMap in gTP /tmp/npm-1311423850738/1311423850738-0.8425169289112091/contents/___package.npm/package/test/unit/compress/test/issue53.js
silly asyncMap in gTP /tmp/npm-1311423850738/1311423850738-0.8425169289112091/contents/___package.npm/package/test/unit/compress/test/with.js
silly asyncMap in gTP /tmp/npm-1311423850738/1311423850738-0.8425169289112091/contents/___package.npm/package/test/unit/compress/test/ifreturn2.js
silly asyncMap in gTP /tmp/npm-1311423850738/1311423850738-0.8425169289112091/contents/___package.npm/package/test/unit/compress/test/issue14.js
silly asyncMap in gTP /tmp/npm-1311423850738/1311423850738-0.8425169289112091/contents/___package.npm/package/test/unit/compress/test/issue48.js
silly asyncMap in gTP /tmp/npm-1311423850738/1311423850738-0.8425169289112091/contents/___package.npm/package/test/unit/compress/test/mangle.js
silly asyncMap in gTP /tmp/npm-1311423850738/1311423850738-0.8425169289112091/contents/___package.npm/package/test/unit/compress/test/array1.js
silly asyncMap in gTP /tmp/npm-1311423850738/1311423850738-0.8425169289112091/contents/___package.npm/package/test/unit/compress/test/issue20.js
silly asyncMap in gTP /tmp/npm-1311423850738/1311423850738-0.8425169289112091/contents/___package.npm/package/test/unit/compress/test/array4.js
silly asyncMap in gTP /tmp/npm-1311423850738/1311423850738-0.8425169289112091/contents/___package.npm/package/test/unit/compress/test/issue25.js
silly asyncMap in gTP /tmp/npm-1311423850738/1311423850738-0.8425169289112091/contents/___package.npm/package/test/unit/compress/test/issue54.1.js
silly asyncMap in gTP /tmp/npm-1311423850738/1311423850738-0.8425169289112091/contents/___package.npm/package/test/unit/compress/test/const.js
silly asyncMap in gTP /tmp/npm-1311423850738/1311423850738-0.8425169289112091/contents/___package.npm/package/test/unit/compress/test/strict-equals.js
silly asyncMap in gTP /tmp/npm-1311423850738/1311423850738-0.8425169289112091/contents/___package.npm/package/test/unit/compress/test/issue27.js
silly asyncMap in gTP /tmp/npm-1311423850738/1311423850738-0.8425169289112091/contents/___package.npm/package/test/unit/compress/test/issue69.js
silly asyncMap in gTP /tmp/npm-1311423850738/1311423850738-0.8425169289112091/contents/___package.npm/package/test/unit/compress/test/forstatement.js
silly asyncMap in gTP /tmp/npm-1311423850738/1311423850738-0.8425169289112091/contents/___package.npm/package/test/unit/compress/test/issue29.js
silly asyncMap in gTP /tmp/npm-1311423850738/1311423850738-0.8425169289112091/contents/___package.npm/package/test/unit/compress/test/array2.js
silly asyncMap in gTP /tmp/npm-1311423850738/1311423850738-0.8425169289112091/contents/___package.npm/package/test/unit/compress/test/issue9.js
silly asyncMap in gTP /tmp/npm-1311423850738/1311423850738-0.8425169289112091/contents/___package.npm/package/test/unit/compress/test/ifreturn.js
silly asyncMap in gTP /tmp/npm-1311423850738/1311423850738-0.8425169289112091/contents/___package.npm/package/test/unit/compress/test/issue34.js
silly asyncMap in gTP /tmp/npm-1311423850738/1311423850738-0.8425169289112091/contents/___package.npm/package/test/unit/compress/test/issue4.js
verbose gunzed /tmp/npm-1311423850738/1311423850738-0.8425169289112091/contents/___package.npm/package
verbose rm'ed /tmp/npm-1311423850738/1311423850738-0.8425169289112091/contents/package
verbose renamed [ '/tmp/npm-1311423850738/1311423850738-0.8425169289112091/contents/___package.npm/package',
verbose renamed   '/tmp/npm-1311423850738/1311423850738-0.8425169289112091/contents/package' ]
silly testEngine { name: 'uglify-js',
silly testEngine   author: 
silly testEngine    { name: 'Mihai Bazon',
silly testEngine      email: 'mihai.bazon@gmail.com',
silly testEngine      url: 'http://mihai.bazon.net/blog' },
silly testEngine   version: '1.0.6',
silly testEngine   main: './uglify-js.js',
silly testEngine   bin: { uglifyjs: './bin/uglifyjs' },
silly testEngine   repository: 
silly testEngine    { type: 'git',
silly testEngine      url: 'git@github.com:mishoo/UglifyJS.git' },
silly testEngine   _npmJsonOpts: 
silly testEngine    { file: '/tmp/npm-1311423850738/1311423850738-0.8425169289112091/contents/package/package.json',
silly testEngine      wscript: false,
silly testEngine      contributors: false,
silly testEngine      serverjs: false },
silly testEngine   _id: 'uglify-js@1.0.6',
silly testEngine   dependencies: {},
silly testEngine   devDependencies: {},
silly testEngine   engines: { node: '*' },
silly testEngine   _engineSupported: true,
silly testEngine   _npmVersion: '1.0.15',
silly testEngine   _nodeVersion: 'v0.4.10-pre',
silly testEngine   _defaultsLoaded: true,
silly testEngine   path: '/tmp/npm-1311423850738/1311423850738-0.8425169289112091/contents/package' }
verbose caching /tmp/npm-1311423850738/1311423850738-0.8425169289112091/contents/package/package.json
verbose loadDefaults uglify-js@1.0.6
verbose tarball contents [ 'package' ]
verbose from cache /tmp/npm-1311423850738/1311423850738-0.8425169289112091/contents/package/package.json
verbose pack /tmp/npm-1311423850738/1311423850738-0.8425169289112091/contents/package /root/.npm/uglify-js/1.0.6/package.tgz
verbose mkdir'ed /root/.npm/uglify-js/1.0.6
verbose tar about to write tar and gzip it.
silly tar args [ '-cvf',
silly tar args   '-',
silly tar args   'package/uglify-js.js',
silly tar args   'package/docstyle.css',
silly tar args   'package/package.json',
silly tar args   'package/README.html',
silly tar args   'package/README.org',
silly tar args   'package/.gitignore',
silly tar args   'package/bin/uglifyjs',
silly tar args   'package/tmp/instrument2.js',
silly tar args   'package/tmp/instrument.js',
silly tar args   'package/lib/parse-js.js',
silly tar args   'package/lib/squeeze-more.js',
silly tar args   'package/lib/process.js',
silly tar args   'package/test/testparser.js',
silly tar args   'package/test/beautify.js',
silly tar args   'package/test/unit/scripts.js',
silly tar args   'package/test/unit/compress/expected/issue68.js',
silly tar args   'package/test/unit/compress/expected/issue10.js',
silly tar args   'package/test/unit/compress/expected/issue30.js',
silly tar args   'package/test/unit/compress/expected/issue21.js',
silly tar args   'package/test/unit/compress/expected/issue13.js',
silly tar args   'package/test/unit/compress/expected/issue28.js',
silly tar args   'package/test/unit/compress/expected/issue50.js',
silly tar args   'package/test/unit/compress/expected/array3.js',
silly tar args   'package/test/unit/compress/expected/concatstring.js',
silly tar args   'package/test/unit/compress/expected/issue17.js',
silly tar args   'package/test/unit/compress/expected/issue11.js',
silly tar args   'package/test/unit/compress/expected/assignment.js',
silly tar args   'package/test/unit/compress/expected/var.js',
silly tar args   'package/test/unit/compress/expected/if.js',
silly tar args   'package/test/unit/compress/expected/empty-blocks.js',
silly tar args   'package/test/unit/compress/expected/issue16.js',
silly tar args   'package/test/unit/compress/expected/issue53.js',
silly tar args   'package/test/unit/compress/expected/with.js',
silly tar args   'package/test/unit/compress/expected/ifreturn2.js',
silly tar args   'package/test/unit/compress/expected/issue14.js',
silly tar args   'package/test/unit/compress/expected/issue48.js',
silly tar args   'package/test/unit/compress/expected/mangle.js',
silly tar args   'package/test/unit/compress/expected/array1.js',
silly tar args   'package/test/unit/compress/expected/issue20.js',
silly tar args   'package/test/unit/compress/expected/array4.js',
silly tar args   'package/test/unit/compress/expected/issue25.js',
silly tar args   'package/test/unit/compress/expected/issue54.1.js',
silly tar args   'package/test/unit/compress/expected/const.js',
silly tar args   'package/test/unit/compress/expected/strict-equals.js',
silly tar args   'package/test/unit/compress/expected/issue27.js',
silly tar args   'package/test/unit/compress/expected/issue69.js',
silly tar args   'package/test/unit/compress/expected/forstatement.js',
silly tar args   'package/test/unit/compress/expected/issue29.js',
silly tar args   'package/test/unit/compress/expected/array2.js',
silly tar args   'package/test/unit/compress/expected/issue9.js',
silly tar args   'package/test/unit/compress/expected/ifreturn.js',
silly tar args   'package/test/unit/compress/expected/issue34.js',
silly tar args   'package/test/unit/compress/expected/issue4.js',
silly tar args   'package/test/unit/compress/test/issue68.js',
silly tar args   'package/test/unit/compress/test/issue10.js',
silly tar args   'package/test/unit/compress/test/issue30.js',
silly tar args   'package/test/unit/compress/test/issue21.js',
silly tar args   'package/test/unit/compress/test/issue13.js',
silly tar args   'package/test/unit/compress/test/issue28.js',
silly tar args   'package/test/unit/compress/test/issue50.js',
silly tar args   'package/test/unit/compress/test/array3.js',
silly tar args   'package/test/unit/compress/test/concatstring.js',
silly tar args   'package/test/unit/compress/test/issue17.js',
silly tar args   'package/test/unit/compress/test/issue11.js',
silly tar args   'package/test/unit/compress/test/assignment.js',
silly tar args   'package/test/unit/compress/test/var.js',
silly tar args   'package/test/unit/compress/test/if.js',
silly tar args   'package/test/unit/compress/test/empty-blocks.js',
silly tar args   'package/test/unit/compress/test/issue16.js',
silly tar args   'package/test/unit/compress/test/issue53.js',
silly tar args   'package/test/unit/compress/test/with.js',
silly tar args   'package/test/unit/compress/test/ifreturn2.js',
silly tar args   'package/test/unit/compress/test/issue14.js',
silly tar args   'package/test/unit/compress/test/issue48.js',
silly tar args   'package/test/unit/compress/test/mangle.js',
silly tar args   'package/test/unit/compress/test/array1.js',
silly tar args   'package/test/unit/compress/test/issue20.js',
silly tar args   'package/test/unit/compress/test/array4.js',
silly tar args   'package/test/unit/compress/test/issue25.js',
silly tar args   'package/test/unit/compress/test/issue54.1.js',
silly tar args   'package/test/unit/compress/test/const.js',
silly tar args   'package/test/unit/compress/test/strict-equals.js',
silly tar args   'package/test/unit/compress/test/issue27.js',
silly tar args   'package/test/unit/compress/test/issue69.js',
silly tar args   'package/test/unit/compress/test/forstatement.js',
silly tar args   'package/test/unit/compress/test/issue29.js',
silly tar args   'package/test/unit/compress/test/array2.js',
silly tar args   'package/test/unit/compress/test/issue9.js',
silly tar args   'package/test/unit/compress/test/ifreturn.js',
silly tar args   'package/test/unit/compress/test/issue34.js',
silly tar args   'package/test/unit/compress/test/issue4.js' ]
verbose success tar -cvf - <file list elided>
verbose success gzip "--stdout"
verbose mkdir done: /root/.npm/uglify-js/1.0.6/___package.npm 755
verbose unpack_ uid, gid [ 1000, 1000 ]
verbose unpackTarget /root/.npm/uglify-js/1.0.6/package
silly gunzTarPerm modes [ '755', '644' ]
verbose success gzip "--decompress" "--stdout" "/root/.npm/uglify-js/1.0.6/package.tgz"
verbose success tar "-mvxpf" "-" "--no-same-owner" "-C" "/root/.npm/uglify-js/1.0.6/___package.npm"
silly asyncMap in gTP /root/.npm/uglify-js/1.0.6/___package.npm/package/
silly asyncMap in gTP /root/.npm/uglify-js/1.0.6/___package.npm/package/uglify-js.js
silly asyncMap in gTP /root/.npm/uglify-js/1.0.6/___package.npm/package/docstyle.css
silly asyncMap in gTP /root/.npm/uglify-js/1.0.6/___package.npm/package/package.json
silly asyncMap in gTP /root/.npm/uglify-js/1.0.6/___package.npm/package/README.html
silly asyncMap in gTP /root/.npm/uglify-js/1.0.6/___package.npm/package/README.org
silly asyncMap in gTP /root/.npm/uglify-js/1.0.6/___package.npm/package/.gitignore
silly asyncMap in gTP /root/.npm/uglify-js/1.0.6/___package.npm/package/bin/
silly asyncMap in gTP /root/.npm/uglify-js/1.0.6/___package.npm/package/bin/uglifyjs
silly asyncMap in gTP /root/.npm/uglify-js/1.0.6/___package.npm/package/lib/
silly asyncMap in gTP /root/.npm/uglify-js/1.0.6/___package.npm/package/lib/parse-js.js
silly asyncMap in gTP /root/.npm/uglify-js/1.0.6/___package.npm/package/lib/squeeze-more.js
silly asyncMap in gTP /root/.npm/uglify-js/1.0.6/___package.npm/package/lib/process.js
silly asyncMap in gTP /root/.npm/uglify-js/1.0.6/___package.npm/package/tmp/
silly asyncMap in gTP /root/.npm/uglify-js/1.0.6/___package.npm/package/tmp/instrument2.js
silly asyncMap in gTP /root/.npm/uglify-js/1.0.6/___package.npm/package/tmp/instrument.js
silly asyncMap in gTP /root/.npm/uglify-js/1.0.6/___package.npm/package/test/
silly asyncMap in gTP /root/.npm/uglify-js/1.0.6/___package.npm/package/test/testparser.js
silly asyncMap in gTP /root/.npm/uglify-js/1.0.6/___package.npm/package/test/beautify.js
silly asyncMap in gTP /root/.npm/uglify-js/1.0.6/___package.npm/package/test/unit/
silly asyncMap in gTP /root/.npm/uglify-js/1.0.6/___package.npm/package/test/unit/scripts.js
silly asyncMap in gTP /root/.npm/uglify-js/1.0.6/___package.npm/package/test/unit/compress/
silly asyncMap in gTP /root/.npm/uglify-js/1.0.6/___package.npm/package/test/unit/compress/expected/
silly asyncMap in gTP /root/.npm/uglify-js/1.0.6/___package.npm/package/test/unit/compress/expected/issue68.js
silly asyncMap in gTP /root/.npm/uglify-js/1.0.6/___package.npm/package/test/unit/compress/expected/issue10.js
silly asyncMap in gTP /root/.npm/uglify-js/1.0.6/___package.npm/package/test/unit/compress/expected/issue30.js
silly asyncMap in gTP /root/.npm/uglify-js/1.0.6/___package.npm/package/test/unit/compress/expected/issue21.js
silly asyncMap in gTP /root/.npm/uglify-js/1.0.6/___package.npm/package/test/unit/compress/expected/issue13.js
silly asyncMap in gTP /root/.npm/uglify-js/1.0.6/___package.npm/package/test/unit/compress/expected/issue28.js
silly asyncMap in gTP /root/.npm/uglify-js/1.0.6/___package.npm/package/test/unit/compress/expected/issue50.js
silly asyncMap in gTP /root/.npm/uglify-js/1.0.6/___package.npm/package/test/unit/compress/expected/array3.js
silly asyncMap in gTP /root/.npm/uglify-js/1.0.6/___package.npm/package/test/unit/compress/expected/concatstring.js
silly asyncMap in gTP /root/.npm/uglify-js/1.0.6/___package.npm/package/test/unit/compress/expected/issue17.js
silly asyncMap in gTP /root/.npm/uglify-js/1.0.6/___package.npm/package/test/unit/compress/expected/issue11.js
silly asyncMap in gTP /root/.npm/uglify-js/1.0.6/___package.npm/package/test/unit/compress/expected/assignment.js
silly asyncMap in gTP /root/.npm/uglify-js/1.0.6/___package.npm/package/test/unit/compress/expected/var.js
silly asyncMap in gTP /root/.npm/uglify-js/1.0.6/___package.npm/package/test/unit/compress/expected/if.js
silly asyncMap in gTP /root/.npm/uglify-js/1.0.6/___package.npm/package/test/unit/compress/expected/empty-blocks.js
silly asyncMap in gTP /root/.npm/uglify-js/1.0.6/___package.npm/package/test/unit/compress/expected/issue16.js
silly asyncMap in gTP /root/.npm/uglify-js/1.0.6/___package.npm/package/test/unit/compress/expected/issue53.js
silly asyncMap in gTP /root/.npm/uglify-js/1.0.6/___package.npm/package/test/unit/compress/expected/with.js
silly asyncMap in gTP /root/.npm/uglify-js/1.0.6/___package.npm/package/test/unit/compress/expected/ifreturn2.js
silly asyncMap in gTP /root/.npm/uglify-js/1.0.6/___package.npm/package/test/unit/compress/expected/issue14.js
silly asyncMap in gTP /root/.npm/uglify-js/1.0.6/___package.npm/package/test/unit/compress/expected/issue48.js
silly asyncMap in gTP /root/.npm/uglify-js/1.0.6/___package.npm/package/test/unit/compress/expected/mangle.js
silly asyncMap in gTP /root/.npm/uglify-js/1.0.6/___package.npm/package/test/unit/compress/expected/array1.js
silly asyncMap in gTP /root/.npm/uglify-js/1.0.6/___package.npm/package/test/unit/compress/expected/issue20.js
silly asyncMap in gTP /root/.npm/uglify-js/1.0.6/___package.npm/package/test/unit/compress/expected/array4.js
silly asyncMap in gTP /root/.npm/uglify-js/1.0.6/___package.npm/package/test/unit/compress/expected/issue25.js
silly asyncMap in gTP /root/.npm/uglify-js/1.0.6/___package.npm/package/test/unit/compress/expected/issue54.1.js
silly asyncMap in gTP /root/.npm/uglify-js/1.0.6/___package.npm/package/test/unit/compress/expected/const.js
silly asyncMap in gTP /root/.npm/uglify-js/1.0.6/___package.npm/package/test/unit/compress/expected/strict-equals.js
silly asyncMap in gTP /root/.npm/uglify-js/1.0.6/___package.npm/package/test/unit/compress/expected/issue27.js
silly asyncMap in gTP /root/.npm/uglify-js/1.0.6/___package.npm/package/test/unit/compress/expected/issue69.js
silly asyncMap in gTP /root/.npm/uglify-js/1.0.6/___package.npm/package/test/unit/compress/expected/forstatement.js
silly asyncMap in gTP /root/.npm/uglify-js/1.0.6/___package.npm/package/test/unit/compress/expected/issue29.js
silly asyncMap in gTP /root/.npm/uglify-js/1.0.6/___package.npm/package/test/unit/compress/expected/array2.js
silly asyncMap in gTP /root/.npm/uglify-js/1.0.6/___package.npm/package/test/unit/compress/expected/issue9.js
silly asyncMap in gTP /root/.npm/uglify-js/1.0.6/___package.npm/package/test/unit/compress/expected/ifreturn.js
silly asyncMap in gTP /root/.npm/uglify-js/1.0.6/___package.npm/package/test/unit/compress/expected/issue34.js
silly asyncMap in gTP /root/.npm/uglify-js/1.0.6/___package.npm/package/test/unit/compress/expected/issue4.js
silly asyncMap in gTP /root/.npm/uglify-js/1.0.6/___package.npm/package/test/unit/compress/test/
silly asyncMap in gTP /root/.npm/uglify-js/1.0.6/___package.npm/package/test/unit/compress/test/issue68.js
silly asyncMap in gTP /root/.npm/uglify-js/1.0.6/___package.npm/package/test/unit/compress/test/issue10.js
silly asyncMap in gTP /root/.npm/uglify-js/1.0.6/___package.npm/package/test/unit/compress/test/issue30.js
silly asyncMap in gTP /root/.npm/uglify-js/1.0.6/___package.npm/package/test/unit/compress/test/issue21.js
silly asyncMap in gTP /root/.npm/uglify-js/1.0.6/___package.npm/package/test/unit/compress/test/issue13.js
silly asyncMap in gTP /root/.npm/uglify-js/1.0.6/___package.npm/package/test/unit/compress/test/issue28.js
silly asyncMap in gTP /root/.npm/uglify-js/1.0.6/___package.npm/package/test/unit/compress/test/issue50.js
silly asyncMap in gTP /root/.npm/uglify-js/1.0.6/___package.npm/package/test/unit/compress/test/array3.js
silly asyncMap in gTP /root/.npm/uglify-js/1.0.6/___package.npm/package/test/unit/compress/test/concatstring.js
silly asyncMap in gTP /root/.npm/uglify-js/1.0.6/___package.npm/package/test/unit/compress/test/issue17.js
silly asyncMap in gTP /root/.npm/uglify-js/1.0.6/___package.npm/package/test/unit/compress/test/issue11.js
silly asyncMap in gTP /root/.npm/uglify-js/1.0.6/___package.npm/package/test/unit/compress/test/assignment.js
silly asyncMap in gTP /root/.npm/uglify-js/1.0.6/___package.npm/package/test/unit/compress/test/var.js
silly asyncMap in gTP /root/.npm/uglify-js/1.0.6/___package.npm/package/test/unit/compress/test/if.js
silly asyncMap in gTP /root/.npm/uglify-js/1.0.6/___package.npm/package/test/unit/compress/test/empty-blocks.js
silly asyncMap in gTP /root/.npm/uglify-js/1.0.6/___package.npm/package/test/unit/compress/test/issue16.js
silly asyncMap in gTP /root/.npm/uglify-js/1.0.6/___package.npm/package/test/unit/compress/test/issue53.js
silly asyncMap in gTP /root/.npm/uglify-js/1.0.6/___package.npm/package/test/unit/compress/test/with.js
silly asyncMap in gTP /root/.npm/uglify-js/1.0.6/___package.npm/package/test/unit/compress/test/ifreturn2.js
silly asyncMap in gTP /root/.npm/uglify-js/1.0.6/___package.npm/package/test/unit/compress/test/issue14.js
silly asyncMap in gTP /root/.npm/uglify-js/1.0.6/___package.npm/package/test/unit/compress/test/issue48.js
silly asyncMap in gTP /root/.npm/uglify-js/1.0.6/___package.npm/package/test/unit/compress/test/mangle.js
silly asyncMap in gTP /root/.npm/uglify-js/1.0.6/___package.npm/package/test/unit/compress/test/array1.js
silly asyncMap in gTP /root/.npm/uglify-js/1.0.6/___package.npm/package/test/unit/compress/test/issue20.js
silly asyncMap in gTP /root/.npm/uglify-js/1.0.6/___package.npm/package/test/unit/compress/test/array4.js
silly asyncMap in gTP /root/.npm/uglify-js/1.0.6/___package.npm/package/test/unit/compress/test/issue25.js
silly asyncMap in gTP /root/.npm/uglify-js/1.0.6/___package.npm/package/test/unit/compress/test/issue54.1.js
silly asyncMap in gTP /root/.npm/uglify-js/1.0.6/___package.npm/package/test/unit/compress/test/const.js
silly asyncMap in gTP /root/.npm/uglify-js/1.0.6/___package.npm/package/test/unit/compress/test/strict-equals.js
silly asyncMap in gTP /root/.npm/uglify-js/1.0.6/___package.npm/package/test/unit/compress/test/issue27.js
silly asyncMap in gTP /root/.npm/uglify-js/1.0.6/___package.npm/package/test/unit/compress/test/issue69.js
silly asyncMap in gTP /root/.npm/uglify-js/1.0.6/___package.npm/package/test/unit/compress/test/forstatement.js
silly asyncMap in gTP /root/.npm/uglify-js/1.0.6/___package.npm/package/test/unit/compress/test/issue29.js
silly asyncMap in gTP /root/.npm/uglify-js/1.0.6/___package.npm/package/test/unit/compress/test/array2.js
silly asyncMap in gTP /root/.npm/uglify-js/1.0.6/___package.npm/package/test/unit/compress/test/issue9.js
silly asyncMap in gTP /root/.npm/uglify-js/1.0.6/___package.npm/package/test/unit/compress/test/ifreturn.js
silly asyncMap in gTP /root/.npm/uglify-js/1.0.6/___package.npm/package/test/unit/compress/test/issue34.js
silly asyncMap in gTP /root/.npm/uglify-js/1.0.6/___package.npm/package/test/unit/compress/test/issue4.js
verbose gunzed /root/.npm/uglify-js/1.0.6/___package.npm/package
verbose rm'ed /root/.npm/uglify-js/1.0.6/package
verbose renamed [ '/root/.npm/uglify-js/1.0.6/___package.npm/package',
verbose renamed   '/root/.npm/uglify-js/1.0.6/package' ]
silly testEngine { name: 'uglify-js',
silly testEngine   author: 
silly testEngine    { name: 'Mihai Bazon',
silly testEngine      email: 'mihai.bazon@gmail.com',
silly testEngine      url: 'http://mihai.bazon.net/blog' },
silly testEngine   version: '1.0.6',
silly testEngine   main: './uglify-js.js',
silly testEngine   bin: { uglifyjs: './bin/uglifyjs' },
silly testEngine   repository: 
silly testEngine    { type: 'git',
silly testEngine      url: 'git@github.com:mishoo/UglifyJS.git' },
silly testEngine   _npmJsonOpts: 
silly testEngine    { file: '/root/.npm/uglify-js/1.0.6/package/package.json',
silly testEngine      wscript: false,
silly testEngine      contributors: false,
silly testEngine      serverjs: false },
silly testEngine   _id: 'uglify-js@1.0.6',
silly testEngine   dependencies: {},
silly testEngine   devDependencies: {},
silly testEngine   engines: { node: '*' },
silly testEngine   _engineSupported: true,
silly testEngine   _npmVersion: '1.0.15',
silly testEngine   _nodeVersion: 'v0.4.10-pre',
silly testEngine   _defaultsLoaded: true,
silly testEngine   dist: { shasum: 'eabbc5c1ccc65c6cb0f337ae43ecdf2be277cd8e' } }
verbose caching /root/.npm/uglify-js/1.0.6/package/package.json
verbose loadDefaults uglify-js@1.0.6
silly updated sha bytes 40960
silly updated sha bytes 12384
info shasum eabbc5c1ccc65c6cb0f337ae43ecdf2be277cd8e
info shasum /root/.npm/uglify-js/1.0.6/package.tgz
verbose from cache /root/.npm/uglify-js/1.0.6/package/package.json
verbose chmod /root/.npm/uglify-js/1.0.6/package.tgz 644
silly resolved [ { name: 'uglify-js',
silly resolved     author: 
silly resolved      { name: 'Mihai Bazon',
silly resolved        email: 'mihai.bazon@gmail.com',
silly resolved        url: 'http://mihai.bazon.net/blog' },
silly resolved     version: '1.0.6',
silly resolved     main: './uglify-js.js',
silly resolved     bin: { uglifyjs: './bin/uglifyjs' },
silly resolved     repository: 
silly resolved      { type: 'git',
silly resolved        url: 'git@github.com:mishoo/UglifyJS.git' },
silly resolved     _npmJsonOpts: 
silly resolved      { file: '/root/.npm/uglify-js/1.0.6/package/package.json',
silly resolved        wscript: false,
silly resolved        contributors: false,
silly resolved        serverjs: false },
silly resolved     _id: 'uglify-js@1.0.6',
silly resolved     dependencies: {},
silly resolved     devDependencies: {},
silly resolved     engines: { node: '*' },
silly resolved     _engineSupported: true,
silly resolved     _npmVersion: '1.0.15',
silly resolved     _nodeVersion: 'v0.4.10-pre',
silly resolved     _defaultsLoaded: true,
silly resolved     dist: { shasum: 'eabbc5c1ccc65c6cb0f337ae43ecdf2be277cd8e' } } ]
info into /var/www/kiwi/KiwiIRC/node uglify-js@1.0.6
info installOne uglify-js@1.0.6
info unbuild /var/www/kiwi/KiwiIRC/node/node_modules/uglify-js
verbose from cache /root/.npm/uglify-js/1.0.6/package/package.json
verbose mkdir done: /var/www/kiwi/KiwiIRC/node/node_modules/___uglify-js.npm 755
verbose unpack_ uid, gid [ 1000, 1000 ]
verbose unpackTarget /var/www/kiwi/KiwiIRC/node/node_modules/uglify-js
silly gunzTarPerm modes [ '755', '644' ]
verbose success gzip "--decompress" "--stdout" "/root/.npm/uglify-js/1.0.6/package.tgz"
verbose success tar "-mvxpf" "-" "--no-same-owner" "-C" "/var/www/kiwi/KiwiIRC/node/node_modules/___uglify-js.npm"
silly asyncMap in gTP /var/www/kiwi/KiwiIRC/node/node_modules/___uglify-js.npm/package/
silly asyncMap in gTP /var/www/kiwi/KiwiIRC/node/node_modules/___uglify-js.npm/package/.gitignore
silly asyncMap in gTP /var/www/kiwi/KiwiIRC/node/node_modules/___uglify-js.npm/package/docstyle.css
silly asyncMap in gTP /var/www/kiwi/KiwiIRC/node/node_modules/___uglify-js.npm/package/package.json
silly asyncMap in gTP /var/www/kiwi/KiwiIRC/node/node_modules/___uglify-js.npm/package/README.html
silly asyncMap in gTP /var/www/kiwi/KiwiIRC/node/node_modules/___uglify-js.npm/package/README.org
silly asyncMap in gTP /var/www/kiwi/KiwiIRC/node/node_modules/___uglify-js.npm/package/uglify-js.js
silly asyncMap in gTP /var/www/kiwi/KiwiIRC/node/node_modules/___uglify-js.npm/package/bin/
silly asyncMap in gTP /var/www/kiwi/KiwiIRC/node/node_modules/___uglify-js.npm/package/bin/uglifyjs
silly asyncMap in gTP /var/www/kiwi/KiwiIRC/node/node_modules/___uglify-js.npm/package/tmp/
silly asyncMap in gTP /var/www/kiwi/KiwiIRC/node/node_modules/___uglify-js.npm/package/tmp/instrument.js
silly asyncMap in gTP /var/www/kiwi/KiwiIRC/node/node_modules/___uglify-js.npm/package/tmp/instrument2.js
silly asyncMap in gTP /var/www/kiwi/KiwiIRC/node/node_modules/___uglify-js.npm/package/lib/
silly asyncMap in gTP /var/www/kiwi/KiwiIRC/node/node_modules/___uglify-js.npm/package/lib/parse-js.js
silly asyncMap in gTP /var/www/kiwi/KiwiIRC/node/node_modules/___uglify-js.npm/package/lib/process.js
silly asyncMap in gTP /var/www/kiwi/KiwiIRC/node/node_modules/___uglify-js.npm/package/lib/squeeze-more.js
silly asyncMap in gTP /var/www/kiwi/KiwiIRC/node/node_modules/___uglify-js.npm/package/test/
silly asyncMap in gTP /var/www/kiwi/KiwiIRC/node/node_modules/___uglify-js.npm/package/test/beautify.js
silly asyncMap in gTP /var/www/kiwi/KiwiIRC/node/node_modules/___uglify-js.npm/package/test/testparser.js
silly asyncMap in gTP /var/www/kiwi/KiwiIRC/node/node_modules/___uglify-js.npm/package/test/unit/
silly asyncMap in gTP /var/www/kiwi/KiwiIRC/node/node_modules/___uglify-js.npm/package/test/unit/scripts.js
silly asyncMap in gTP /var/www/kiwi/KiwiIRC/node/node_modules/___uglify-js.npm/package/test/unit/compress/
silly asyncMap in gTP /var/www/kiwi/KiwiIRC/node/node_modules/___uglify-js.npm/package/test/unit/compress/test/
silly asyncMap in gTP /var/www/kiwi/KiwiIRC/node/node_modules/___uglify-js.npm/package/test/unit/compress/test/array1.js
silly asyncMap in gTP /var/www/kiwi/KiwiIRC/node/node_modules/___uglify-js.npm/package/test/unit/compress/test/array2.js
silly asyncMap in gTP /var/www/kiwi/KiwiIRC/node/node_modules/___uglify-js.npm/package/test/unit/compress/test/array3.js
silly asyncMap in gTP /var/www/kiwi/KiwiIRC/node/node_modules/___uglify-js.npm/package/test/unit/compress/test/array4.js
silly asyncMap in gTP /var/www/kiwi/KiwiIRC/node/node_modules/___uglify-js.npm/package/test/unit/compress/test/assignment.js
silly asyncMap in gTP /var/www/kiwi/KiwiIRC/node/node_modules/___uglify-js.npm/package/test/unit/compress/test/concatstring.js
silly asyncMap in gTP /var/www/kiwi/KiwiIRC/node/node_modules/___uglify-js.npm/package/test/unit/compress/test/const.js
silly asyncMap in gTP /var/www/kiwi/KiwiIRC/node/node_modules/___uglify-js.npm/package/test/unit/compress/test/empty-blocks.js
silly asyncMap in gTP /var/www/kiwi/KiwiIRC/node/node_modules/___uglify-js.npm/package/test/unit/compress/test/forstatement.js
silly asyncMap in gTP /var/www/kiwi/KiwiIRC/node/node_modules/___uglify-js.npm/package/test/unit/compress/test/if.js
silly asyncMap in gTP /var/www/kiwi/KiwiIRC/node/node_modules/___uglify-js.npm/package/test/unit/compress/test/ifreturn.js
silly asyncMap in gTP /var/www/kiwi/KiwiIRC/node/node_modules/___uglify-js.npm/package/test/unit/compress/test/ifreturn2.js
silly asyncMap in gTP /var/www/kiwi/KiwiIRC/node/node_modules/___uglify-js.npm/package/test/unit/compress/test/issue10.js
silly asyncMap in gTP /var/www/kiwi/KiwiIRC/node/node_modules/___uglify-js.npm/package/test/unit/compress/test/issue11.js
silly asyncMap in gTP /var/www/kiwi/KiwiIRC/node/node_modules/___uglify-js.npm/package/test/unit/compress/test/issue13.js
silly asyncMap in gTP /var/www/kiwi/KiwiIRC/node/node_modules/___uglify-js.npm/package/test/unit/compress/test/issue14.js
silly asyncMap in gTP /var/www/kiwi/KiwiIRC/node/node_modules/___uglify-js.npm/package/test/unit/compress/test/issue16.js
silly asyncMap in gTP /var/www/kiwi/KiwiIRC/node/node_modules/___uglify-js.npm/package/test/unit/compress/test/issue17.js
silly asyncMap in gTP /var/www/kiwi/KiwiIRC/node/node_modules/___uglify-js.npm/package/test/unit/compress/test/issue20.js
silly asyncMap in gTP /var/www/kiwi/KiwiIRC/node/node_modules/___uglify-js.npm/package/test/unit/compress/test/issue21.js
silly asyncMap in gTP /var/www/kiwi/KiwiIRC/node/node_modules/___uglify-js.npm/package/test/unit/compress/test/issue25.js
silly asyncMap in gTP /var/www/kiwi/KiwiIRC/node/node_modules/___uglify-js.npm/package/test/unit/compress/test/issue27.js
silly asyncMap in gTP /var/www/kiwi/KiwiIRC/node/node_modules/___uglify-js.npm/package/test/unit/compress/test/issue28.js
silly asyncMap in gTP /var/www/kiwi/KiwiIRC/node/node_modules/___uglify-js.npm/package/test/unit/compress/test/issue29.js
silly asyncMap in gTP /var/www/kiwi/KiwiIRC/node/node_modules/___uglify-js.npm/package/test/unit/compress/test/issue30.js
silly asyncMap in gTP /var/www/kiwi/KiwiIRC/node/node_modules/___uglify-js.npm/package/test/unit/compress/test/issue34.js
silly asyncMap in gTP /var/www/kiwi/KiwiIRC/node/node_modules/___uglify-js.npm/package/test/unit/compress/test/issue4.js
silly asyncMap in gTP /var/www/kiwi/KiwiIRC/node/node_modules/___uglify-js.npm/package/test/unit/compress/test/issue48.js
silly asyncMap in gTP /var/www/kiwi/KiwiIRC/node/node_modules/___uglify-js.npm/package/test/unit/compress/test/issue50.js
silly asyncMap in gTP /var/www/kiwi/KiwiIRC/node/node_modules/___uglify-js.npm/package/test/unit/compress/test/issue53.js
silly asyncMap in gTP /var/www/kiwi/KiwiIRC/node/node_modules/___uglify-js.npm/package/test/unit/compress/test/issue54.1.js
silly asyncMap in gTP /var/www/kiwi/KiwiIRC/node/node_modules/___uglify-js.npm/package/test/unit/compress/test/issue68.js
silly asyncMap in gTP /var/www/kiwi/KiwiIRC/node/node_modules/___uglify-js.npm/package/test/unit/compress/test/issue69.js
silly asyncMap in gTP /var/www/kiwi/KiwiIRC/node/node_modules/___uglify-js.npm/package/test/unit/compress/test/issue9.js
silly asyncMap in gTP /var/www/kiwi/KiwiIRC/node/node_modules/___uglify-js.npm/package/test/unit/compress/test/mangle.js
silly asyncMap in gTP /var/www/kiwi/KiwiIRC/node/node_modules/___uglify-js.npm/package/test/unit/compress/test/strict-equals.js
silly asyncMap in gTP /var/www/kiwi/KiwiIRC/node/node_modules/___uglify-js.npm/package/test/unit/compress/test/var.js
silly asyncMap in gTP /var/www/kiwi/KiwiIRC/node/node_modules/___uglify-js.npm/package/test/unit/compress/test/with.js
silly asyncMap in gTP /var/www/kiwi/KiwiIRC/node/node_modules/___uglify-js.npm/package/test/unit/compress/expected/
silly asyncMap in gTP /var/www/kiwi/KiwiIRC/node/node_modules/___uglify-js.npm/package/test/unit/compress/expected/array1.js
silly asyncMap in gTP /var/www/kiwi/KiwiIRC/node/node_modules/___uglify-js.npm/package/test/unit/compress/expected/array2.js
silly asyncMap in gTP /var/www/kiwi/KiwiIRC/node/node_modules/___uglify-js.npm/package/test/unit/compress/expected/array3.js
silly asyncMap in gTP /var/www/kiwi/KiwiIRC/node/node_modules/___uglify-js.npm/package/test/unit/compress/expected/array4.js
silly asyncMap in gTP /var/www/kiwi/KiwiIRC/node/node_modules/___uglify-js.npm/package/test/unit/compress/expected/assignment.js
silly asyncMap in gTP /var/www/kiwi/KiwiIRC/node/node_modules/___uglify-js.npm/package/test/unit/compress/expected/concatstring.js
silly asyncMap in gTP /var/www/kiwi/KiwiIRC/node/node_modules/___uglify-js.npm/package/test/unit/compress/expected/const.js
silly asyncMap in gTP /var/www/kiwi/KiwiIRC/node/node_modules/___uglify-js.npm/package/test/unit/compress/expected/empty-blocks.js
silly asyncMap in gTP /var/www/kiwi/KiwiIRC/node/node_modules/___uglify-js.npm/package/test/unit/compress/expected/forstatement.js
silly asyncMap in gTP /var/www/kiwi/KiwiIRC/node/node_modules/___uglify-js.npm/package/test/unit/compress/expected/if.js
silly asyncMap in gTP /var/www/kiwi/KiwiIRC/node/node_modules/___uglify-js.npm/package/test/unit/compress/expected/ifreturn.js
silly asyncMap in gTP /var/www/kiwi/KiwiIRC/node/node_modules/___uglify-js.npm/package/test/unit/compress/expected/ifreturn2.js
silly asyncMap in gTP /var/www/kiwi/KiwiIRC/node/node_modules/___uglify-js.npm/package/test/unit/compress/expected/issue10.js
silly asyncMap in gTP /var/www/kiwi/KiwiIRC/node/node_modules/___uglify-js.npm/package/test/unit/compress/expected/issue11.js
silly asyncMap in gTP /var/www/kiwi/KiwiIRC/node/node_modules/___uglify-js.npm/package/test/unit/compress/expected/issue13.js
silly asyncMap in gTP /var/www/kiwi/KiwiIRC/node/node_modules/___uglify-js.npm/package/test/unit/compress/expected/issue14.js
silly asyncMap in gTP /var/www/kiwi/KiwiIRC/node/node_modules/___uglify-js.npm/package/test/unit/compress/expected/issue16.js
silly asyncMap in gTP /var/www/kiwi/KiwiIRC/node/node_modules/___uglify-js.npm/package/test/unit/compress/expected/issue17.js
silly asyncMap in gTP /var/www/kiwi/KiwiIRC/node/node_modules/___uglify-js.npm/package/test/unit/compress/expected/issue20.js
silly asyncMap in gTP /var/www/kiwi/KiwiIRC/node/node_modules/___uglify-js.npm/package/test/unit/compress/expected/issue21.js
silly asyncMap in gTP /var/www/kiwi/KiwiIRC/node/node_modules/___uglify-js.npm/package/test/unit/compress/expected/issue25.js
silly asyncMap in gTP /var/www/kiwi/KiwiIRC/node/node_modules/___uglify-js.npm/package/test/unit/compress/expected/issue27.js
silly asyncMap in gTP /var/www/kiwi/KiwiIRC/node/node_modules/___uglify-js.npm/package/test/unit/compress/expected/issue28.js
silly asyncMap in gTP /var/www/kiwi/KiwiIRC/node/node_modules/___uglify-js.npm/package/test/unit/compress/expected/issue29.js
silly asyncMap in gTP /var/www/kiwi/KiwiIRC/node/node_modules/___uglify-js.npm/package/test/unit/compress/expected/issue30.js
silly asyncMap in gTP /var/www/kiwi/KiwiIRC/node/node_modules/___uglify-js.npm/package/test/unit/compress/expected/issue34.js
silly asyncMap in gTP /var/www/kiwi/KiwiIRC/node/node_modules/___uglify-js.npm/package/test/unit/compress/expected/issue4.js
silly asyncMap in gTP /var/www/kiwi/KiwiIRC/node/node_modules/___uglify-js.npm/package/test/unit/compress/expected/issue48.js
silly asyncMap in gTP /var/www/kiwi/KiwiIRC/node/node_modules/___uglify-js.npm/package/test/unit/compress/expected/issue50.js
silly asyncMap in gTP /var/www/kiwi/KiwiIRC/node/node_modules/___uglify-js.npm/package/test/unit/compress/expected/issue53.js
silly asyncMap in gTP /var/www/kiwi/KiwiIRC/node/node_modules/___uglify-js.npm/package/test/unit/compress/expected/issue54.1.js
silly asyncMap in gTP /var/www/kiwi/KiwiIRC/node/node_modules/___uglify-js.npm/package/test/unit/compress/expected/issue68.js
silly asyncMap in gTP /var/www/kiwi/KiwiIRC/node/node_modules/___uglify-js.npm/package/test/unit/compress/expected/issue69.js
silly asyncMap in gTP /var/www/kiwi/KiwiIRC/node/node_modules/___uglify-js.npm/package/test/unit/compress/expected/issue9.js
silly asyncMap in gTP /var/www/kiwi/KiwiIRC/node/node_modules/___uglify-js.npm/package/test/unit/compress/expected/mangle.js
silly asyncMap in gTP /var/www/kiwi/KiwiIRC/node/node_modules/___uglify-js.npm/package/test/unit/compress/expected/strict-equals.js
silly asyncMap in gTP /var/www/kiwi/KiwiIRC/node/node_modules/___uglify-js.npm/package/test/unit/compress/expected/var.js
silly asyncMap in gTP /var/www/kiwi/KiwiIRC/node/node_modules/___uglify-js.npm/package/test/unit/compress/expected/with.js
verbose gunzed /var/www/kiwi/KiwiIRC/node/node_modules/___uglify-js.npm/package
verbose rm'ed /var/www/kiwi/KiwiIRC/node/node_modules/uglify-js
ERR! error installing uglify-js@1.0.6 Error: EACCES, Permission denied '/var/www/kiwi/KiwiIRC/node/node_modules/___uglify-js.npm/package'
info unbuild /var/www/kiwi/KiwiIRC/node/node_modules/uglify-js
verbose installOne cb uglify-js@1.0.6
ERR! Error: EACCES, Permission denied '/var/www/kiwi/KiwiIRC/node/node_modules/___uglify-js.npm/package'
ERR! 
ERR! Please use 'sudo' or log in as root to run this command.
ERR!     sudo npm "install" "uglify-js"
ERR! or set the 'unsafe-perm' config var to true.
ERR!     npm config set unsafe-perm true
ERR! 
ERR! System Linux 2.6.35-30-generic
ERR! command "node" "/root/local/node/bin/npm" "install" "uglify-js"
verbose exit [ 13, true ]
